[EVT-000003] 2025-10-26T01:08:45.928658+00:00 Faust: 目标确认。
[EVT-000004] 2025-10-26T01:08:45.928844+00:00 Faust: 我翻身攀上高箱，滑车弩弦咔哒锁定。
[EVT-000005] 2025-10-26T01:08:45.928932+00:00 Faust: 梅菲斯特在射程内，我盯死他周围任何异动。
[EVT-000008] 2025-10-26T01:08:45.929309+00:00 Faust[tool]: Faust 向 (10, 2) 移动 2步，现位于 (10, 2)。 已抵达目标。
[EVT-000011] 2025-10-26T01:08:45.929479+00:00 Faust[tool]: 守护：Faust -> Mephisto
[EVT-000012] 2025-10-26T01:08:47.560794+00:00 Amiya: 博士，请留在我身后。
[EVT-000013] 2025-10-26T01:08:47.561086+00:00 Amiya: 她抬手，指尖划出淡蓝刻痕，术式已悄然就绪。
[EVT-000014] 2025-10-26T01:08:47.561319+00:00 Amiya: 仓棚回声嘈杂，她判断必须先行牵制梅菲斯特。
[EVT-000017] 2025-10-26T01:08:47.561803+00:00 Amiya[tool]: Amiya 向 (7, -1) 移动 5步，现位于 (5, 1)。 距目标还差 4步。
[EVT-000018] 2025-10-26T01:08:49.251001+00:00 Mephisto: 阿米娅，听我为你独唱安眠曲，唱到战争落幕。
[EVT-000019] 2025-10-26T01:08:49.251378+00:00 Mephisto: 他扬手，黑杖轻敲节拍，银端微光如脉搏。
[EVT-000022] 2025-10-26T01:08:49.251674+00:00 Mephisto[tool]: 对抗：Mephisto(Arts_Control)[regular] vs Amiya(Arts_Resist)[hard] -> Amiya 胜
[EVT-000030] 2025-10-26T01:08:50.790345+00:00 Faust: 目标锁定，压制开始。
[EVT-000031] 2025-10-26T01:08:50.790490+00:00 Faust: 我抬弩，弦音拉满，将破空之声压进尘埃。
[EVT-000032] 2025-10-26T01:08:50.790576+00:00 Faust: 梅菲斯特，退到阴影里。
[EVT-000035] 2025-10-26T01:08:50.790979+00:00 Faust[tool]: 对抗：Faust(Firearms_Rifle_Crossbow)[hard] vs Amiya(Dodge)[fail] -> Faust 胜
伤害：1d8 -> 6
Amiya 受到 6 伤害，HP 4/10
[EVT-000041] 2025-10-26T01:09:54.577493+00:00 Doctor: 兜帽下的灰瞳冷静扫过局势，左手已抽出短刃。
[EVT-000042] 2025-10-26T01:09:54.580118+00:00 Doctor: 目标锁定：阿米娅，终结指令执行。
[EVT-000045] 2025-10-26T01:09:54.580796+00:00 Doctor[tool]: Doctor 向 (5, 1) 移动 6步，现位于 (5, 1)。 已抵达目标。
[EVT-000048] 2025-10-26T01:09:54.581187+00:00 Doctor[tool]: 武器定义缺失字段：'defense_skill'
[EVT-000054] 2025-10-26T01:09:56.365145+00:00 Amiya: 博士…您被操控了吗？我会…唤醒您。
[EVT-000055] 2025-10-26T01:09:56.365539+00:00 Amiya: 她抬手，指尖源石纹路亮起微光，却先侧身护住要害。
[EVT-000056] 2025-10-26T01:09:56.365781+00:00 Amiya: 呼吸急促，却仍把准心锁在博士身上，而非开火。
[EVT-000059] 2025-10-26T01:09:56.366699+00:00 Amiya[tool]: 对抗：Amiya(Arts_Control)[regular] vs Doctor(Arts_Resist)[regular] -> Doctor 胜
[EVT-000064] 2025-10-26T01:09:58.045444+00:00 Mephisto: 博士，您终于肯亲手撕碎她了？——那就让乐章为这场终幕伴奏。
[EVT-000065] 2025-10-26T01:09:58.045799+00:00 Mephisto: 我扬起手杖，指节轻敲扩音装置，低笑里带着疯意。
[EVT-000068] 2025-10-26T01:09:58.046457+00:00 Mephisto[tool]: 对抗：Mephisto(Arts_Control)[regular] vs Amiya(Arts_Resist)[extreme] -> Amiya 胜
[EVT-000077] 2025-10-26T01:09:59.874082+00:00 Faust: ……目标确认。
[EVT-000078] 2025-10-26T01:09:59.874531+00:00 Faust: 我半跪在梁影里，弩弦无声上膛，冷箭对准博士背心。
[EVT-000079] 2025-10-26T01:09:59.874769+00:00 Faust: 梅菲斯特在右，不能让他被卷入直射轨迹。
[EVT-000082] 2025-10-26T01:09:59.875671+00:00 Faust[tool]: 对抗：Faust(Firearms_Rifle_Crossbow)[regular] vs Doctor(Dodge)[fail] -> Faust 胜
伤害：1d8 -> 4
Doctor 受到 4 伤害，HP 7/11
[EVT-000088] 2025-10-26T01:11:07.020932+00:00 Doctor: 杀。
[EVT-000089] 2025-10-26T01:11:07.021835+00:00 Doctor: 血从肩口渗出，我压低兜帽，指节紧扣刀柄。
[EVT-000090] 2025-10-26T01:11:07.021954+00:00 Doctor: 下一步，取他性命。
[EVT-000093] 2025-10-26T01:11:07.022349+00:00 Doctor[tool]: Doctor 向 (7, -1) 移动 4步，现位于 (7, -1)。 已抵达目标。
[EVT-000096] 2025-10-26T01:11:07.022776+00:00 Doctor[tool]: 对抗：Doctor(Fighting_Blade)[extreme] vs Mephisto(Dodge)[hard] -> Doctor 胜
伤害：1d4 -> 3
Mephisto 受到 3 伤害，HP 8/11
[EVT-000102] 2025-10-26T01:11:09.049186+00:00 Amiya: 博士，别一个人冲得太前！
[EVT-000103] 2025-10-26T01:11:09.049635+00:00 Amiya: 她抬手，指尖源石辉光闪动，目光锁定Faust的十字弩。
[EVT-000106] 2025-10-26T01:11:09.051825+00:00 Amiya[tool]: 对抗：Amiya(Arts_Control)[regular] vs Faust(Arts_Resist)[fail] -> Amiya 胜
伤害：1d4 -> 3
Faust 受到 3 伤害，HP 9/12
控制：restrained（持续 1 轮）
状态：Faust +restrained（1轮）
[EVT-000111] 2025-10-26T01:11:10.793980+00:00 Mephisto: 歌声未止，杀戮怎敢先停？博士，听我的安眠曲吧。
[EVT-000112] 2025-10-26T01:11:10.794377+00:00 Mephisto: 他咧开笑容，手杖轻敲地面，黑雾般的源石波纹瞬间扑向博士。
[EVT-000115] 2025-10-26T01:11:10.795346+00:00 Mephisto[tool]: 对抗：Mephisto(Arts_Control)[regular] vs Doctor(Arts_Resist)[fail] -> Mephisto 胜
控制：sleep（持续 1 轮）
状态：Doctor +sleep（1轮）
[EVT-000124] 2025-10-26T01:11:12.558880+00:00 Faust: ……束缚？无妨，再瞄准一次即可。
[EVT-000125] 2025-10-26T01:11:12.559269+00:00 Faust: 他强行抬起被缠住的弩臂，瞳中绿光冷得像破晓前的霜。
[EVT-000126] 2025-10-26T01:11:12.559483+00:00 Faust: 扳机扣到一半，弦声暗哑，却仍锁定博士的心口。
[EVT-000129] 2025-10-26T01:11:12.559955+00:00 Faust[tool]: Faust 处于restrained状态，无法发动攻击。
[EVT-000135] 2025-10-26T01:11:40.597998+00:00 Doctor: 杀。
[EVT-000136] 2025-10-26T01:11:40.600320+00:00 Doctor: 兜帽下的灰瞳骤然收缩，我挣脱最后一丝睡意，反手握刀，一步贴到Mephisto面前。
[EVT-000139] 2025-10-26T01:11:40.600840+00:00 Doctor[tool]: Doctor 处于sleep状态，无法发动攻击。
[EVT-000145] 2025-10-26T01:11:42.072929+00:00 Amiya: 博士，别动——我来封锁他。
[EVT-000146] 2025-10-26T01:11:42.073311+00:00 Amiya: 我抬手，指间源石纹路亮起，念线已锁定Mephisto四肢。
[EVT-000149] 2025-10-26T01:11:42.074100+00:00 Amiya[tool]: 对抗：Amiya(Arts_Control)[fail] vs Mephisto(Arts_Resist)[fail] -> Mephisto 胜
[EVT-000154] 2025-10-26T01:11:43.820546+00:00 Mephisto: 博士，你的刀锋太钝，连梦都割不开。
[EVT-000155] 2025-10-26T01:11:43.820995+00:00 Mephisto: 我抬手，杖端轻敲地面，低频共振沿铁梁扩散，锁死你的神经。
[EVT-000158] 2025-10-26T01:11:43.821586+00:00 Mephisto[tool]: Mephisto MP 不足（需要 3，当前 0）
[EVT-000167] 2025-10-26T01:11:45.430606+00:00 Faust: 目标锁定，压制。
[EVT-000168] 2025-10-26T01:11:45.431002+00:00 Faust: 我单膝跪地，折叠弩炮在梁间展开，弦如寒月。
[EVT-000169] 2025-10-26T01:11:45.431209+00:00 Faust: 箭尖先指Doctor，再移向Amiya，杀意随尘光沉降。
[EVT-000172] 2025-10-26T01:11:45.431815+00:00 Faust[tool]: 对抗：Faust(Firearms_Rifle_Crossbow)[regular] vs Doctor(Dodge)[regular] -> Doctor 胜
